2013/06/24 22:33:42 [error] [exception.CHttpException.404] exception 'CHttpException' with message 'Unable to resolve the request "admin".' in /Users/jishankai/Sites/yii/framework/web/CWebApplication.php:286
Stack trace:
#0 /Users/jishankai/Sites/yii/framework/web/CWebApplication.php(141): CWebApplication->runController('admin')
#1 /Users/jishankai/Sites/yii/framework/base/CApplication.php(169): CWebApplication->processRequest()
#2 /Users/jishankai/Sites/miwu/index.php(13): CApplication->run()
#3 {main}
REQUEST_URI=/~jishankai/miwu/index.php?r=admin
---
2013/06/24 22:55:45 [error] [php] PDO::__construct(): [2002] No such file or directory (trying to connect via unix:///var/mysql/mysql.sock) (/Users/jishankai/Sites/yii/framework/db/CDbConnection.php:423)
Stack trace:
#0 /Users/jishankai/Sites/yii/framework/db/CDbConnection.php(330): CDbConnection->open()
#1 /Users/jishankai/Sites/yii/framework/db/CDbConnection.php(308): CDbConnection->setActive()
#2 /Users/jishankai/Sites/yii/framework/base/CModule.php(387): CDbConnection->init()
#3 /Users/jishankai/Sites/yii/framework/base/CModule.php(103): CWebApplication->getComponent()
#4 /Users/jishankai/Sites/miwu/protected/modules/admin/controllers/PlayerController.php(38): CWebApplication->__get()
#5 /Users/jishankai/Sites/yii/framework/web/actions/CInlineAction.php(49): PlayerController->actionIndex()
#6 /Users/jishankai/Sites/yii/framework/web/CController.php(308): CInlineAction->runWithParams()
#7 /Users/jishankai/Sites/yii/framework/web/filters/CFilterChain.php(133): PlayerController->runAction()
#8 /Users/jishankai/Sites/yii/framework/web/filters/CFilter.php(40): CFilterChain->run()
#9 /Users/jishankai/Sites/yii/framework/web/CController.php(1145): CAccessControlFilter->filter()
#10 /Users/jishankai/Sites/yii/framework/web/filters/CInlineFilter.php(58): PlayerController->filterAccessControl()
#11 /Users/jishankai/Sites/yii/framework/web/filters/CFilterChain.php(130): CInlineFilter->filter()
#12 /Users/jishankai/Sites/yii/framework/web/CController.php(291): CFilterChain->run()
#13 /Users/jishankai/Sites/yii/framework/web/CController.php(265): PlayerController->runActionWithFilters()
#14 /Users/jishankai/Sites/yii/framework/web/CWebApplication.php(282): PlayerController->run()
#15 /Users/jishankai/Sites/yii/framework/web/CWebApplication.php(141): CWebApplication->runController()
#16 /Users/jishankai/Sites/yii/framework/base/CApplication.php(169): CWebApplication->processRequest()
#17 /Users/jishankai/Sites/miwu/index.php(13): CWebApplication->run()
REQUEST_URI=/~jishankai/miwu/index.php?r=admin/player/index
in /Users/jishankai/Sites/miwu/protected/modules/admin/controllers/PlayerController.php (38)
in /Users/jishankai/Sites/miwu/index.php (13)
2013/06/24 23:19:21 [error] [system.db.CDbCommand] CDbCommand::fetch() failed: SQLSTATE[42S02]: Base table or view not found: 1146 Table 'miwu.battle' doesn't exist. The SQL statement executed was: SELECT "500" AS score, COUNT(*) AS scoreNum, SUM(login.loginTime>=1371484800) AS activeNum, SUM(login.loginTime<1371484800) AS unActiveNum FROM battle JOIN login on battle.playerId = login.playerId WHERE score=50000.
in /Users/jishankai/Sites/miwu/protected/modules/admin/controllers/PlayerController.php (130)
in /Users/jishankai/Sites/miwu/index.php (13)
2013/06/24 23:19:21 [error] [exception.CDbException] exception 'CDbException' with message 'CDbCommand failed to execute the SQL statement: SQLSTATE[42S02]: Base table or view not found: 1146 Table 'miwu.battle' doesn't exist. The SQL statement executed was: SELECT "500" AS score, COUNT(*) AS scoreNum, SUM(login.loginTime>=1371484800) AS activeNum, SUM(login.loginTime<1371484800) AS unActiveNum FROM battle JOIN login on battle.playerId = login.playerId WHERE score=50000' in /Users/jishankai/Sites/yii/framework/db/CDbCommand.php:541
Stack trace:
#0 /Users/jishankai/Sites/yii/framework/db/CDbCommand.php(414): CDbCommand->queryInternal('fetch', Array, Array)
#1 /Users/jishankai/Sites/miwu/protected/modules/admin/controllers/PlayerController.php(130): CDbCommand->queryRow()
#2 /Users/jishankai/Sites/yii/framework/web/actions/CInlineAction.php(49): PlayerController->actionScore()
#3 /Users/jishankai/Sites/yii/framework/web/CController.php(308): CInlineAction->runWithParams(Array)
#4 /Users/jishankai/Sites/yii/framework/web/filters/CFilterChain.php(133): CController->runAction(Object(CInlineAction))
#5 /Users/jishankai/Sites/yii/framework/web/filters/CFilter.php(40): CFilterChain->run()
#6 /Users/jishankai/Sites/yii/framework/web/CController.php(1145): CFilter->filter(Object(CFilterChain))
#7 /Users/jishankai/Sites/yii/framework/web/filters/CInlineFilter.php(58): CController->filterAccessControl(Object(CFilterChain))
#8 /Users/jishankai/Sites/yii/framework/web/filters/CFilterChain.php(130): CInlineFilter->filter(Object(CFilterChain))
#9 /Users/jishankai/Sites/yii/framework/web/CController.php(291): CFilterChain->run()
#10 /Users/jishankai/Sites/yii/framework/web/CController.php(265): CController->runActionWithFilters(Object(CInlineAction), Array)
#11 /Users/jishankai/Sites/yii/framework/web/CWebApplication.php(282): CController->run('score')
#12 /Users/jishankai/Sites/yii/framework/web/CWebApplication.php(141): CWebApplication->runController('admin/player/sc...')
#13 /Users/jishankai/Sites/yii/framework/base/CApplication.php(169): CWebApplication->processRequest()
#14 /Users/jishankai/Sites/miwu/index.php(13): CApplication->run()
#15 {main}
REQUEST_URI=/~jishankai/miwu/index.php?r=admin/player/score
HTTP_REFERER=http://localhost/~jishankai/miwu/index.php?r=admin/user/terminal
---
2013/07/01 01:36:43 [error] [php] include(Datalist.php): failed to open stream: No such file or directory (/Users/jishankai/Sites/yii/framework/YiiBase.php:421)
Stack trace:
#0 /Users/jishankai/Sites/miwu/protected/modules/admin/controllers/SiteController.php(117): spl_autoload_call()
#1 /Users/jishankai/Sites/yii/framework/web/actions/CInlineAction.php(49): SiteController->actionImport()
#2 /Users/jishankai/Sites/yii/framework/web/CController.php(308): CInlineAction->runWithParams()
#3 /Users/jishankai/Sites/yii/framework/web/filters/CFilterChain.php(133): SiteController->runAction()
#4 /Users/jishankai/Sites/miwu/protected/modules/admin/components/Controller.php(45): CFilterChain->run()
#5 /Users/jishankai/Sites/yii/framework/web/filters/CInlineFilter.php(58): SiteController->filterCheckUser()
#6 /Users/jishankai/Sites/yii/framework/web/filters/CFilterChain.php(130): CInlineFilter->filter()
#7 /Users/jishankai/Sites/yii/framework/web/CController.php(291): CFilterChain->run()
#8 /Users/jishankai/Sites/yii/framework/web/CController.php(265): SiteController->runActionWithFilters()
#9 /Users/jishankai/Sites/yii/framework/web/CWebApplication.php(282): SiteController->run()
#10 /Users/jishankai/Sites/yii/framework/web/CWebApplication.php(141): CWebApplication->runController()
#11 /Users/jishankai/Sites/yii/framework/base/CApplication.php(169): CWebApplication->processRequest()
#12 /Users/jishankai/Sites/miwu/index.php(13): CWebApplication->run()
REQUEST_URI=/~jishankai/miwu/index.php?r=admin/site/import
in /Users/jishankai/Sites/miwu/protected/modules/admin/controllers/SiteController.php (117)
in /Users/jishankai/Sites/miwu/protected/modules/admin/components/Controller.php (45)
in /Users/jishankai/Sites/miwu/index.php (13)
2013/07/01 01:41:00 [error] [php] Undefined variable: model (/Users/jishankai/Sites/miwu/protected/modules/admin/views/site/import.php:29)
Stack trace:
#0 /Users/jishankai/Sites/yii/framework/web/CController.php(869): SiteController->renderFile()
#1 /Users/jishankai/Sites/yii/framework/web/CController.php(782): SiteController->renderPartial()
#2 /Users/jishankai/Sites/miwu/protected/modules/admin/controllers/SiteController.php(158): SiteController->render()
#3 /Users/jishankai/Sites/yii/framework/web/actions/CInlineAction.php(49): SiteController->actionImport()
#4 /Users/jishankai/Sites/yii/framework/web/CController.php(308): CInlineAction->runWithParams()
#5 /Users/jishankai/Sites/yii/framework/web/filters/CFilterChain.php(133): SiteController->runAction()
#6 /Users/jishankai/Sites/miwu/protected/modules/admin/components/Controller.php(45): CFilterChain->run()
#7 /Users/jishankai/Sites/yii/framework/web/filters/CInlineFilter.php(58): SiteController->filterCheckUser()
#8 /Users/jishankai/Sites/yii/framework/web/filters/CFilterChain.php(130): CInlineFilter->filter()
#9 /Users/jishankai/Sites/yii/framework/web/CController.php(291): CFilterChain->run()
#10 /Users/jishankai/Sites/yii/framework/web/CController.php(265): SiteController->runActionWithFilters()
#11 /Users/jishankai/Sites/yii/framework/web/CWebApplication.php(282): SiteController->run()
#12 /Users/jishankai/Sites/yii/framework/web/CWebApplication.php(141): CWebApplication->runController()
#13 /Users/jishankai/Sites/yii/framework/base/CApplication.php(169): CWebApplication->processRequest()
#14 /Users/jishankai/Sites/miwu/index.php(13): CWebApplication->run()
REQUEST_URI=/~jishankai/miwu/index.php?r=admin/site/import
in /Users/jishankai/Sites/miwu/protected/modules/admin/views/site/import.php (29)
in /Users/jishankai/Sites/miwu/protected/modules/admin/controllers/SiteController.php (158)
in /Users/jishankai/Sites/miwu/protected/modules/admin/components/Controller.php (45)
2013/07/06 00:37:15 [error] [system.db.CDbCommand] CDbCommand::fetch() failed: SQLSTATE[42S02]: Base table or view not found: 1146 Table 'miwu.battle' doesn't exist. The SQL statement executed was: SELECT "500" AS score, COUNT(*) AS scoreNum, SUM(login.loginTime>=1372521600) AS activeNum, SUM(login.loginTime<1372521600) AS unActiveNum FROM battle JOIN login on battle.playerId = login.playerId WHERE score=50000.
in /Users/jishankai/Sites/miwu/protected/modules/admin/controllers/PlayerController.php (130)
in /Users/jishankai/Sites/miwu/index.php (13)
2013/07/06 00:37:15 [error] [exception.CDbException] exception 'CDbException' with message 'CDbCommand failed to execute the SQL statement: SQLSTATE[42S02]: Base table or view not found: 1146 Table 'miwu.battle' doesn't exist. The SQL statement executed was: SELECT "500" AS score, COUNT(*) AS scoreNum, SUM(login.loginTime>=1372521600) AS activeNum, SUM(login.loginTime<1372521600) AS unActiveNum FROM battle JOIN login on battle.playerId = login.playerId WHERE score=50000' in /Users/jishankai/Sites/yii/framework/db/CDbCommand.php:541
Stack trace:
#0 /Users/jishankai/Sites/yii/framework/db/CDbCommand.php(414): CDbCommand->queryInternal('fetch', Array, Array)
#1 /Users/jishankai/Sites/miwu/protected/modules/admin/controllers/PlayerController.php(130): CDbCommand->queryRow()
#2 /Users/jishankai/Sites/yii/framework/web/actions/CInlineAction.php(49): PlayerController->actionScore()
#3 /Users/jishankai/Sites/yii/framework/web/CController.php(308): CInlineAction->runWithParams(Array)
#4 /Users/jishankai/Sites/yii/framework/web/filters/CFilterChain.php(133): CController->runAction(Object(CInlineAction))
#5 /Users/jishankai/Sites/yii/framework/web/filters/CFilter.php(40): CFilterChain->run()
#6 /Users/jishankai/Sites/yii/framework/web/CController.php(1145): CFilter->filter(Object(CFilterChain))
#7 /Users/jishankai/Sites/yii/framework/web/filters/CInlineFilter.php(58): CController->filterAccessControl(Object(CFilterChain))
#8 /Users/jishankai/Sites/yii/framework/web/filters/CFilterChain.php(130): CInlineFilter->filter(Object(CFilterChain))
#9 /Users/jishankai/Sites/yii/framework/web/CController.php(291): CFilterChain->run()
#10 /Users/jishankai/Sites/yii/framework/web/CController.php(265): CController->runActionWithFilters(Object(CInlineAction), Array)
#11 /Users/jishankai/Sites/yii/framework/web/CWebApplication.php(282): CController->run('score')
#12 /Users/jishankai/Sites/yii/framework/web/CWebApplication.php(141): CWebApplication->runController('admin/player/sc...')
#13 /Users/jishankai/Sites/yii/framework/base/CApplication.php(169): CWebApplication->processRequest()
#14 /Users/jishankai/Sites/miwu/index.php(13): CApplication->run()
#15 {main}
REQUEST_URI=/~jishankai/miwu/index.php?r=admin/player/score
HTTP_REFERER=http://localhost/~jishankai/miwu/index.php?r=admin/sales/popular
---
2013/07/06 00:37:21 [error] [system.db.CDbCommand] CDbCommand::fetchAll() failed: SQLSTATE[42S02]: Base table or view not found: 1146 Table 'miwu.admin_notice' doesn't exist. The SQL statement executed was: SHOW FULL COLUMNS FROM `admin_Notice`.
in /Users/jishankai/Sites/miwu/protected/modules/admin/controllers/NoticeController.php (28)
in /Users/jishankai/Sites/miwu/index.php (13)
2013/07/06 00:37:21 [error] [exception.CDbException] exception 'CDbException' with message 'The table "admin_Notice" for active record class "Notice" cannot be found in the database.' in /Users/jishankai/Sites/yii/framework/db/ar/CActiveRecord.php:2310
Stack trace:
#0 /Users/jishankai/Sites/yii/framework/db/ar/CActiveRecord.php(387): CActiveRecordMetaData->__construct(Object(Notice))
#1 /Users/jishankai/Sites/yii/framework/db/ar/CActiveRecord.php(402): CActiveRecord::model('Notice')
#2 /Users/jishankai/Sites/yii/framework/db/ar/CActiveRecord.php(77): CActiveRecord->getMetaData()
#3 /Users/jishankai/Sites/miwu/protected/modules/admin/controllers/NoticeController.php(28): CActiveRecord->__construct('search')
#4 /Users/jishankai/Sites/yii/framework/web/actions/CInlineAction.php(49): NoticeController->actionAdmin()
#5 /Users/jishankai/Sites/yii/framework/web/CController.php(308): CInlineAction->runWithParams(Array)
#6 /Users/jishankai/Sites/yii/framework/web/filters/CFilterChain.php(133): CController->runAction(Object(CInlineAction))
#7 /Users/jishankai/Sites/yii/framework/web/filters/CFilter.php(40): CFilterChain->run()
#8 /Users/jishankai/Sites/yii/framework/web/CController.php(1145): CFilter->filter(Object(CFilterChain))
#9 /Users/jishankai/Sites/yii/framework/web/filters/CInlineFilter.php(58): CController->filterAccessControl(Object(CFilterChain))
#10 /Users/jishankai/Sites/yii/framework/web/filters/CFilterChain.php(130): CInlineFilter->filter(Object(CFilterChain))
#11 /Users/jishankai/Sites/yii/framework/web/CController.php(291): CFilterChain->run()
#12 /Users/jishankai/Sites/yii/framework/web/CController.php(265): CController->runActionWithFilters(Object(CInlineAction), Array)
#13 /Users/jishankai/Sites/yii/framework/web/CWebApplication.php(282): CController->run('admin')
#14 /Users/jishankai/Sites/yii/framework/web/CWebApplication.php(141): CWebApplication->runController('admin/notice/ad...')
#15 /Users/jishankai/Sites/yii/framework/base/CApplication.php(169): CWebApplication->processRequest()
#16 /Users/jishankai/Sites/miwu/index.php(13): CApplication->run()
#17 {main}
REQUEST_URI=/~jishankai/miwu/index.php?r=admin/notice/admin
HTTP_REFERER=http://localhost/~jishankai/miwu/index.php?r=admin/sales/popular
---
2013/07/06 00:38:37 [error] [system.db.CDbCommand] CDbCommand::fetchAll() failed: SQLSTATE[42S02]: Base table or view not found: 1146 Table 'miwu.admin_notice' doesn't exist. The SQL statement executed was: SHOW FULL COLUMNS FROM `admin_Notice`.
in /Users/jishankai/Sites/miwu/protected/modules/admin/controllers/NoticeController.php (28)
in /Users/jishankai/Sites/miwu/index.php (13)
2013/07/06 00:38:37 [error] [exception.CDbException] exception 'CDbException' with message 'The table "admin_Notice" for active record class "Notice" cannot be found in the database.' in /Users/jishankai/Sites/yii/framework/db/ar/CActiveRecord.php:2310
Stack trace:
#0 /Users/jishankai/Sites/yii/framework/db/ar/CActiveRecord.php(387): CActiveRecordMetaData->__construct(Object(Notice))
#1 /Users/jishankai/Sites/yii/framework/db/ar/CActiveRecord.php(402): CActiveRecord::model('Notice')
#2 /Users/jishankai/Sites/yii/framework/db/ar/CActiveRecord.php(77): CActiveRecord->getMetaData()
#3 /Users/jishankai/Sites/miwu/protected/modules/admin/controllers/NoticeController.php(28): CActiveRecord->__construct('search')
#4 /Users/jishankai/Sites/yii/framework/web/actions/CInlineAction.php(49): NoticeController->actionAdmin()
#5 /Users/jishankai/Sites/yii/framework/web/CController.php(308): CInlineAction->runWithParams(Array)
#6 /Users/jishankai/Sites/yii/framework/web/filters/CFilterChain.php(133): CController->runAction(Object(CInlineAction))
#7 /Users/jishankai/Sites/yii/framework/web/filters/CFilter.php(40): CFilterChain->run()
#8 /Users/jishankai/Sites/yii/framework/web/CController.php(1145): CFilter->filter(Object(CFilterChain))
#9 /Users/jishankai/Sites/yii/framework/web/filters/CInlineFilter.php(58): CController->filterAccessControl(Object(CFilterChain))
#10 /Users/jishankai/Sites/yii/framework/web/filters/CFilterChain.php(130): CInlineFilter->filter(Object(CFilterChain))
#11 /Users/jishankai/Sites/yii/framework/web/CController.php(291): CFilterChain->run()
#12 /Users/jishankai/Sites/yii/framework/web/CController.php(265): CController->runActionWithFilters(Object(CInlineAction), Array)
#13 /Users/jishankai/Sites/yii/framework/web/CWebApplication.php(282): CController->run('admin')
#14 /Users/jishankai/Sites/yii/framework/web/CWebApplication.php(141): CWebApplication->runController('admin/notice/ad...')
#15 /Users/jishankai/Sites/yii/framework/base/CApplication.php(169): CWebApplication->processRequest()
#16 /Users/jishankai/Sites/miwu/index.php(13): CApplication->run()
#17 {main}
REQUEST_URI=/~jishankai/miwu/index.php?r=admin/notice/admin
HTTP_REFERER=http://localhost/~jishankai/miwu/index.php?r=admin/player/reward
---
2013/07/06 00:41:30 [error] [php] Undefined index: ID (/Users/jishankai/Sites/miwu/protected/modules/admin/controllers/SiteController.php:119)
Stack trace:
#0 /Users/jishankai/Sites/yii/framework/web/filters/CFilterChain.php(133): SiteController->runAction()
#1 /Users/jishankai/Sites/miwu/protected/modules/admin/components/Controller.php(45): CFilterChain->run()
#2 /Users/jishankai/Sites/yii/framework/web/filters/CInlineFilter.php(58): SiteController->filterCheckUser()
#3 /Users/jishankai/Sites/yii/framework/web/filters/CFilterChain.php(130): CInlineFilter->filter()
#4 /Users/jishankai/Sites/yii/framework/web/CController.php(291): CFilterChain->run()
#5 /Users/jishankai/Sites/yii/framework/web/CController.php(265): SiteController->runActionWithFilters()
#6 /Users/jishankai/Sites/yii/framework/web/CWebApplication.php(282): SiteController->run()
#7 /Users/jishankai/Sites/yii/framework/web/CWebApplication.php(141): CWebApplication->runController()
#8 /Users/jishankai/Sites/yii/framework/base/CApplication.php(169): CWebApplication->processRequest()
#9 /Users/jishankai/Sites/miwu/index.php(13): CWebApplication->run()
REQUEST_URI=/~jishankai/miwu/index.php?r=admin/site/import
in /Users/jishankai/Sites/miwu/protected/modules/admin/controllers/SiteController.php (119)
in /Users/jishankai/Sites/miwu/protected/modules/admin/components/Controller.php (45)
in /Users/jishankai/Sites/miwu/index.php (13)
2013/07/06 00:47:50 [error] [php] Undefined variable: arr_result (/Users/jishankai/Sites/miwu/protected/modules/admin/controllers/SiteController.php:134)
Stack trace:
#0 /Users/jishankai/Sites/yii/framework/web/filters/CFilterChain.php(133): SiteController->runAction()
#1 /Users/jishankai/Sites/miwu/protected/modules/admin/components/Controller.php(45): CFilterChain->run()
#2 /Users/jishankai/Sites/yii/framework/web/filters/CInlineFilter.php(58): SiteController->filterCheckUser()
#3 /Users/jishankai/Sites/yii/framework/web/filters/CFilterChain.php(130): CInlineFilter->filter()
#4 /Users/jishankai/Sites/yii/framework/web/CController.php(291): CFilterChain->run()
#5 /Users/jishankai/Sites/yii/framework/web/CController.php(265): SiteController->runActionWithFilters()
#6 /Users/jishankai/Sites/yii/framework/web/CWebApplication.php(282): SiteController->run()
#7 /Users/jishankai/Sites/yii/framework/web/CWebApplication.php(141): CWebApplication->runController()
#8 /Users/jishankai/Sites/yii/framework/base/CApplication.php(169): CWebApplication->processRequest()
#9 /Users/jishankai/Sites/miwu/index.php(13): CWebApplication->run()
REQUEST_URI=/~jishankai/miwu/index.php?r=admin/site/import
in /Users/jishankai/Sites/miwu/protected/modules/admin/controllers/SiteController.php (134)
in /Users/jishankai/Sites/miwu/protected/modules/admin/components/Controller.php (45)
in /Users/jishankai/Sites/miwu/index.php (13)
2013/07/06 00:51:49 [error] [php] Array to string conversion (/Users/jishankai/Sites/miwu/protected/modules/admin/controllers/SiteController.php:119)
Stack trace:
#0 /Users/jishankai/Sites/yii/framework/web/CController.php(308): CInlineAction->runWithParams()
#1 /Users/jishankai/Sites/yii/framework/web/filters/CFilterChain.php(133): SiteController->runAction()
#2 /Users/jishankai/Sites/miwu/protected/modules/admin/components/Controller.php(45): CFilterChain->run()
#3 /Users/jishankai/Sites/yii/framework/web/filters/CInlineFilter.php(58): SiteController->filterCheckUser()
#4 /Users/jishankai/Sites/yii/framework/web/filters/CFilterChain.php(130): CInlineFilter->filter()
#5 /Users/jishankai/Sites/yii/framework/web/CController.php(291): CFilterChain->run()
#6 /Users/jishankai/Sites/yii/framework/web/CController.php(265): SiteController->runActionWithFilters()
#7 /Users/jishankai/Sites/yii/framework/web/CWebApplication.php(282): SiteController->run()
#8 /Users/jishankai/Sites/yii/framework/web/CWebApplication.php(141): CWebApplication->runController()
#9 /Users/jishankai/Sites/yii/framework/base/CApplication.php(169): CWebApplication->processRequest()
#10 /Users/jishankai/Sites/miwu/index.php(13): CWebApplication->run()
REQUEST_URI=/~jishankai/miwu/index.php?r=admin/site/import
in /Users/jishankai/Sites/miwu/protected/modules/admin/controllers/SiteController.php (119)
in /Users/jishankai/Sites/miwu/protected/modules/admin/components/Controller.php (45)
in /Users/jishankai/Sites/miwu/index.php (13)
2013/07/06 00:52:28 [error] [php] Undefined variable: arr_result (/Users/jishankai/Sites/miwu/protected/modules/admin/controllers/SiteController.php:135)
Stack trace:
#0 /Users/jishankai/Sites/yii/framework/web/filters/CFilterChain.php(133): SiteController->runAction()
#1 /Users/jishankai/Sites/miwu/protected/modules/admin/components/Controller.php(45): CFilterChain->run()
#2 /Users/jishankai/Sites/yii/framework/web/filters/CInlineFilter.php(58): SiteController->filterCheckUser()
#3 /Users/jishankai/Sites/yii/framework/web/filters/CFilterChain.php(130): CInlineFilter->filter()
#4 /Users/jishankai/Sites/yii/framework/web/CController.php(291): CFilterChain->run()
#5 /Users/jishankai/Sites/yii/framework/web/CController.php(265): SiteController->runActionWithFilters()
#6 /Users/jishankai/Sites/yii/framework/web/CWebApplication.php(282): SiteController->run()
#7 /Users/jishankai/Sites/yii/framework/web/CWebApplication.php(141): CWebApplication->runController()
#8 /Users/jishankai/Sites/yii/framework/base/CApplication.php(169): CWebApplication->processRequest()
#9 /Users/jishankai/Sites/miwu/index.php(13): CWebApplication->run()
REQUEST_URI=/~jishankai/miwu/index.php?r=admin/site/import
in /Users/jishankai/Sites/miwu/protected/modules/admin/controllers/SiteController.php (135)
in /Users/jishankai/Sites/miwu/protected/modules/admin/components/Controller.php (45)
in /Users/jishankai/Sites/miwu/index.php (13)
2013/07/06 00:53:31 [error] [php] Undefined variable: arr_result (/Users/jishankai/Sites/miwu/protected/modules/admin/controllers/SiteController.php:135)
Stack trace:
#0 /Users/jishankai/Sites/yii/framework/web/filters/CFilterChain.php(133): SiteController->runAction()
#1 /Users/jishankai/Sites/miwu/protected/modules/admin/components/Controller.php(45): CFilterChain->run()
#2 /Users/jishankai/Sites/yii/framework/web/filters/CInlineFilter.php(58): SiteController->filterCheckUser()
#3 /Users/jishankai/Sites/yii/framework/web/filters/CFilterChain.php(130): CInlineFilter->filter()
#4 /Users/jishankai/Sites/yii/framework/web/CController.php(291): CFilterChain->run()
#5 /Users/jishankai/Sites/yii/framework/web/CController.php(265): SiteController->runActionWithFilters()
#6 /Users/jishankai/Sites/yii/framework/web/CWebApplication.php(282): SiteController->run()
#7 /Users/jishankai/Sites/yii/framework/web/CWebApplication.php(141): CWebApplication->runController()
#8 /Users/jishankai/Sites/yii/framework/base/CApplication.php(169): CWebApplication->processRequest()
#9 /Users/jishankai/Sites/miwu/index.php(13): CWebApplication->run()
REQUEST_URI=/~jishankai/miwu/index.php?r=admin/site/import
in /Users/jishankai/Sites/miwu/protected/modules/admin/controllers/SiteController.php (135)
in /Users/jishankai/Sites/miwu/protected/modules/admin/components/Controller.php (45)
in /Users/jishankai/Sites/miwu/index.php (13)
2013/07/06 01:13:22 [error] [php] Illegal offset type (/Users/jishankai/Sites/miwu/protected/modules/admin/controllers/SiteController.php:134)
Stack trace:
#0 /Users/jishankai/Sites/yii/framework/web/filters/CFilterChain.php(133): SiteController->runAction()
#1 /Users/jishankai/Sites/miwu/protected/modules/admin/components/Controller.php(45): CFilterChain->run()
#2 /Users/jishankai/Sites/yii/framework/web/filters/CInlineFilter.php(58): SiteController->filterCheckUser()
#3 /Users/jishankai/Sites/yii/framework/web/filters/CFilterChain.php(130): CInlineFilter->filter()
#4 /Users/jishankai/Sites/yii/framework/web/CController.php(291): CFilterChain->run()
#5 /Users/jishankai/Sites/yii/framework/web/CController.php(265): SiteController->runActionWithFilters()
#6 /Users/jishankai/Sites/yii/framework/web/CWebApplication.php(282): SiteController->run()
#7 /Users/jishankai/Sites/yii/framework/web/CWebApplication.php(141): CWebApplication->runController()
#8 /Users/jishankai/Sites/yii/framework/base/CApplication.php(169): CWebApplication->processRequest()
#9 /Users/jishankai/Sites/miwu/index.php(13): CWebApplication->run()
REQUEST_URI=/~jishankai/miwu/index.php?r=admin/site/import
in /Users/jishankai/Sites/miwu/protected/modules/admin/controllers/SiteController.php (134)
in /Users/jishankai/Sites/miwu/protected/modules/admin/components/Controller.php (45)
in /Users/jishankai/Sites/miwu/index.php (13)
2013/07/06 01:14:51 [error] [exception.CException] exception 'CException' with message 'SiteController and its behaviors do not have a method or closure named "echoJsonData".' in /Users/jishankai/Sites/yii/framework/base/CComponent.php:265
Stack trace:
#0 /Users/jishankai/Sites/miwu/protected/modules/admin/controllers/SiteController.php(138): CComponent->__call('echoJsonData', Array)
#1 /Users/jishankai/Sites/miwu/protected/modules/admin/controllers/SiteController.php(138): SiteController->echoJsonData(Array)
#2 /Users/jishankai/Sites/yii/framework/web/actions/CInlineAction.php(49): SiteController->actionImport()
#3 /Users/jishankai/Sites/yii/framework/web/CController.php(308): CInlineAction->runWithParams(Array)
#4 /Users/jishankai/Sites/yii/framework/web/filters/CFilterChain.php(133): CController->runAction(Object(CInlineAction))
#5 /Users/jishankai/Sites/miwu/protected/modules/admin/components/Controller.php(45): CFilterChain->run()
#6 /Users/jishankai/Sites/yii/framework/web/filters/CInlineFilter.php(58): Controller->filterCheckUser(Object(CFilterChain))
#7 /Users/jishankai/Sites/yii/framework/web/filters/CFilterChain.php(130): CInlineFilter->filter(Object(CFilterChain))
#8 /Users/jishankai/Sites/yii/framework/web/CController.php(291): CFilterChain->run()
#9 /Users/jishankai/Sites/yii/framework/web/CController.php(265): CController->runActionWithFilters(Object(CInlineAction), Array)
#10 /Users/jishankai/Sites/yii/framework/web/CWebApplication.php(282): CController->run('import')
#11 /Users/jishankai/Sites/yii/framework/web/CWebApplication.php(141): CWebApplication->runController('admin/site/impo...')
#12 /Users/jishankai/Sites/yii/framework/base/CApplication.php(169): CWebApplication->processRequest()
#13 /Users/jishankai/Sites/miwu/index.php(13): CApplication->run()
#14 {main}
REQUEST_URI=/~jishankai/miwu/index.php?r=admin/site/import
HTTP_REFERER=http://localhost/~jishankai/miwu/index.php?r=admin/site/import
---
2013/07/06 01:17:46 [error] [exception.CException] exception 'CException' with message 'CWebApplication and its behaviors do not have a method or closure named "getResponse".' in /Users/jishankai/Sites/yii/framework/base/CComponent.php:265
Stack trace:
#0 /Users/jishankai/Sites/miwu/protected/modules/admin/components/Controller.php(61): CComponent->__call('getResponse', Array)
#1 /Users/jishankai/Sites/miwu/protected/modules/admin/components/Controller.php(61): CWebApplication->getResponse()
#2 /Users/jishankai/Sites/yii/framework/base/CComponent.php(111): Controller->getResponse()
#3 /Users/jishankai/Sites/miwu/protected/modules/admin/components/Controller.php(66): CComponent->__get('response')
#4 /Users/jishankai/Sites/miwu/protected/modules/admin/controllers/SiteController.php(138): Controller->echoJsonData(Array)
#5 /Users/jishankai/Sites/yii/framework/web/actions/CInlineAction.php(49): SiteController->actionImport()
#6 /Users/jishankai/Sites/yii/framework/web/CController.php(308): CInlineAction->runWithParams(Array)
#7 /Users/jishankai/Sites/yii/framework/web/filters/CFilterChain.php(133): CController->runAction(Object(CInlineAction))
#8 /Users/jishankai/Sites/miwu/protected/modules/admin/components/Controller.php(45): CFilterChain->run()
#9 /Users/jishankai/Sites/yii/framework/web/filters/CInlineFilter.php(58): Controller->filterCheckUser(Object(CFilterChain))
#10 /Users/jishankai/Sites/yii/framework/web/filters/CFilterChain.php(130): CInlineFilter->filter(Object(CFilterChain))
#11 /Users/jishankai/Sites/yii/framework/web/CController.php(291): CFilterChain->run()
#12 /Users/jishankai/Sites/yii/framework/web/CController.php(265): CController->runActionWithFilters(Object(CInlineAction), Array)
#13 /Users/jishankai/Sites/yii/framework/web/CWebApplication.php(282): CController->run('import')
#14 /Users/jishankai/Sites/yii/framework/web/CWebApplication.php(141): CWebApplication->runController('admin/site/impo...')
#15 /Users/jishankai/Sites/yii/framework/base/CApplication.php(169): CWebApplication->processRequest()
#16 /Users/jishankai/Sites/miwu/index.php(13): CApplication->run()
#17 {main}
REQUEST_URI=/~jishankai/miwu/index.php?r=admin/site/import
HTTP_REFERER=http://localhost/~jishankai/miwu/index.php?r=admin/site/import
---
2013/07/06 01:19:57 [error] [exception.CException] exception 'CException' with message 'CWebApplication and its behaviors do not have a method or closure named "getResponse".' in /Users/jishankai/Sites/yii/framework/base/CComponent.php:265
Stack trace:
#0 /Users/jishankai/Sites/miwu/protected/modules/admin/components/Controller.php(61): CComponent->__call('getResponse', Array)
#1 /Users/jishankai/Sites/miwu/protected/modules/admin/components/Controller.php(61): CWebApplication->getResponse()
#2 /Users/jishankai/Sites/miwu/protected/modules/admin/controllers/SiteController.php(138): Controller->echoJsonData(Array)
#3 /Users/jishankai/Sites/yii/framework/web/actions/CInlineAction.php(49): SiteController->actionImport()
#4 /Users/jishankai/Sites/yii/framework/web/CController.php(308): CInlineAction->runWithParams(Array)
#5 /Users/jishankai/Sites/yii/framework/web/filters/CFilterChain.php(133): CController->runAction(Object(CInlineAction))
#6 /Users/jishankai/Sites/miwu/protected/modules/admin/components/Controller.php(45): CFilterChain->run()
#7 /Users/jishankai/Sites/yii/framework/web/filters/CInlineFilter.php(58): Controller->filterCheckUser(Object(CFilterChain))
#8 /Users/jishankai/Sites/yii/framework/web/filters/CFilterChain.php(130): CInlineFilter->filter(Object(CFilterChain))
#9 /Users/jishankai/Sites/yii/framework/web/CController.php(291): CFilterChain->run()
#10 /Users/jishankai/Sites/yii/framework/web/CController.php(265): CController->runActionWithFilters(Object(CInlineAction), Array)
#11 /Users/jishankai/Sites/yii/framework/web/CWebApplication.php(282): CController->run('import')
#12 /Users/jishankai/Sites/yii/framework/web/CWebApplication.php(141): CWebApplication->runController('admin/site/impo...')
#13 /Users/jishankai/Sites/yii/framework/base/CApplication.php(169): CWebApplication->processRequest()
#14 /Users/jishankai/Sites/miwu/index.php(13): CApplication->run()
#15 {main}
REQUEST_URI=/~jishankai/miwu/index.php?r=admin/site/import
HTTP_REFERER=http://localhost/~jishankai/miwu/index.php?r=admin/site/import
---
2013/07/06 01:27:48 [error] [exception.CException] exception 'CException' with message 'CWebApplication and its behaviors do not have a method or closure named "getResponse".' in /Users/jishankai/Sites/yii/framework/base/CComponent.php:265
Stack trace:
#0 /Users/jishankai/Sites/miwu/protected/modules/admin/components/Controller.php(61): CComponent->__call('getResponse', Array)
#1 /Users/jishankai/Sites/miwu/protected/modules/admin/components/Controller.php(61): CWebApplication->getResponse()
#2 /Users/jishankai/Sites/miwu/protected/modules/admin/controllers/SiteController.php(140): Controller->echoJsonData(Array)
#3 /Users/jishankai/Sites/yii/framework/web/actions/CInlineAction.php(49): SiteController->actionImport()
#4 /Users/jishankai/Sites/yii/framework/web/CController.php(308): CInlineAction->runWithParams(Array)
#5 /Users/jishankai/Sites/yii/framework/web/filters/CFilterChain.php(133): CController->runAction(Object(CInlineAction))
#6 /Users/jishankai/Sites/miwu/protected/modules/admin/components/Controller.php(45): CFilterChain->run()
#7 /Users/jishankai/Sites/yii/framework/web/filters/CInlineFilter.php(58): Controller->filterCheckUser(Object(CFilterChain))
#8 /Users/jishankai/Sites/yii/framework/web/filters/CFilterChain.php(130): CInlineFilter->filter(Object(CFilterChain))
#9 /Users/jishankai/Sites/yii/framework/web/CController.php(291): CFilterChain->run()
#10 /Users/jishankai/Sites/yii/framework/web/CController.php(265): CController->runActionWithFilters(Object(CInlineAction), Array)
#11 /Users/jishankai/Sites/yii/framework/web/CWebApplication.php(282): CController->run('import')
#12 /Users/jishankai/Sites/yii/framework/web/CWebApplication.php(141): CWebApplication->runController('admin/site/impo...')
#13 /Users/jishankai/Sites/yii/framework/base/CApplication.php(169): CWebApplication->processRequest()
#14 /Users/jishankai/Sites/miwu/index.php(13): CApplication->run()
#15 {main}
REQUEST_URI=/~jishankai/miwu/index.php?r=admin/site/import
HTTP_REFERER=http://localhost/~jishankai/miwu/index.php?r=admin/site/import
---
2013/10/14 17:13:14 [error] [exception.CException] exception 'CException' with message 'Signature Error' in /Users/jishankai/Sites/miwu/protected/components/Controller.php:58
Stack trace:
#0 /Users/jishankai/Sites/yii/framework/web/filters/CInlineFilter.php(58): Controller->filterCheckSig(Object(CFilterChain))
#1 /Users/jishankai/Sites/yii/framework/web/filters/CFilterChain.php(130): CInlineFilter->filter(Object(CFilterChain))
#2 /Users/jishankai/Sites/miwu/protected/components/Controller.php(34): CFilterChain->run()
#3 /Users/jishankai/Sites/yii/framework/web/filters/CInlineFilter.php(58): Controller->filterCheckUpdate(Object(CFilterChain))
#4 /Users/jishankai/Sites/yii/framework/web/filters/CFilterChain.php(130): CInlineFilter->filter(Object(CFilterChain))
#5 /Users/jishankai/Sites/yii/framework/web/CController.php(291): CFilterChain->run()
#6 /Users/jishankai/Sites/yii/framework/web/CController.php(265): CController->runActionWithFilters(Object(CInlineAction), Array)
#7 /Users/jishankai/Sites/yii/framework/web/CWebApplication.php(282): CController->run('loginApi')
#8 /Users/jishankai/Sites/yii/framework/web/CWebApplication.php(141): CWebApplication->runController('user/loginApi')
#9 /Users/jishankai/Sites/yii/framework/base/CApplication.php(169): CWebApplication->processRequest()
#10 /Users/jishankai/Sites/miwu/index.php(13): CApplication->run()
#11 {main}
REQUEST_URI=/~jishankai/miwu/index.php?r=user/loginApi&uid=1&ver=1.0
---
2013/10/14 17:14:54 [error] [system.db.CDbCommand] CDbCommand::execute() failed: SQLSTATE[HY000]: General error: 1364 Field 'terminal' doesn't have a default value. The SQL statement executed was: INSERT INTO `device` (`uid`, `createTime`) VALUES (:yp0, :yp1).
in /Users/jishankai/Sites/miwu/protected/controllers/UserController.php (23)
in /Users/jishankai/Sites/miwu/protected/components/Controller.php (56)
in /Users/jishankai/Sites/miwu/protected/components/Controller.php (34)
2013/10/14 17:14:54 [error] [exception.CDbException] exception 'CDbException' with message 'CDbCommand failed to execute the SQL statement: SQLSTATE[HY000]: General error: 1364 Field 'terminal' doesn't have a default value. The SQL statement executed was: INSERT INTO `device` (`uid`, `createTime`) VALUES (:yp0, :yp1)' in /Users/jishankai/Sites/yii/framework/db/CDbCommand.php:357
Stack trace:
#0 /Users/jishankai/Sites/yii/framework/db/ar/CActiveRecord.php(1023): CDbCommand->execute()
#1 /Users/jishankai/Sites/yii/framework/db/ar/CActiveRecord.php(795): CActiveRecord->insert(NULL)
#2 /Users/jishankai/Sites/miwu/protected/controllers/UserController.php(23): CActiveRecord->save()
#3 [internal function]: UserController->actionLoginApi('1', '1.0', NULL)
#4 /Users/jishankai/Sites/yii/framework/web/actions/CAction.php(108): ReflectionMethod->invokeArgs(Object(UserController), Array)
#5 /Users/jishankai/Sites/yii/framework/web/actions/CInlineAction.php(47): CAction->runWithParamsInternal(Object(UserController), Object(ReflectionMethod), Array)
#6 /Users/jishankai/Sites/yii/framework/web/CController.php(308): CInlineAction->runWithParams(Array)
#7 /Users/jishankai/Sites/yii/framework/web/filters/CFilterChain.php(133): CController->runAction(Object(CInlineAction))
#8 /Users/jishankai/Sites/miwu/protected/components/Controller.php(56): CFilterChain->run()
#9 /Users/jishankai/Sites/yii/framework/web/filters/CInlineFilter.php(58): Controller->filterCheckSig(Object(CFilterChain))
#10 /Users/jishankai/Sites/yii/framework/web/filters/CFilterChain.php(130): CInlineFilter->filter(Object(CFilterChain))
#11 /Users/jishankai/Sites/miwu/protected/components/Controller.php(34): CFilterChain->run()
#12 /Users/jishankai/Sites/yii/framework/web/filters/CInlineFilter.php(58): Controller->filterCheckUpdate(Object(CFilterChain))
#13 /Users/jishankai/Sites/yii/framework/web/filters/CFilterChain.php(130): CInlineFilter->filter(Object(CFilterChain))
#14 /Users/jishankai/Sites/yii/framework/web/CController.php(291): CFilterChain->run()
#15 /Users/jishankai/Sites/yii/framework/web/CController.php(265): CController->runActionWithFilters(Object(CInlineAction), Array)
#16 /Users/jishankai/Sites/yii/framework/web/CWebApplication.php(282): CController->run('loginApi')
#17 /Users/jishankai/Sites/yii/framework/web/CWebApplication.php(141): CWebApplication->runController('user/loginApi')
#18 /Users/jishankai/Sites/yii/framework/base/CApplication.php(169): CWebApplication->processRequest()
#19 /Users/jishankai/Sites/miwu/index.php(13): CApplication->run()
#20 {main}
REQUEST_URI=/~jishankai/miwu/index.php?r=user/loginApi&uid=1&ver=1.0
---
2013/10/14 18:23:32 [error] [system.db.CDbCommand] CDbCommand::execute() failed: SQLSTATE[HY000]: General error: 1364 Field 'os' doesn't have a default value. The SQL statement executed was: INSERT INTO `device` (`terminal`, `uid`, `createTime`) VALUES (:yp0, :yp1, :yp2).
in /Users/jishankai/Sites/miwu/protected/controllers/UserController.php (23)
in /Users/jishankai/Sites/miwu/protected/components/Controller.php (56)
in /Users/jishankai/Sites/miwu/protected/components/Controller.php (34)
2013/10/14 18:23:32 [error] [exception.CDbException] exception 'CDbException' with message 'CDbCommand failed to execute the SQL statement: SQLSTATE[HY000]: General error: 1364 Field 'os' doesn't have a default value. The SQL statement executed was: INSERT INTO `device` (`terminal`, `uid`, `createTime`) VALUES (:yp0, :yp1, :yp2)' in /Users/jishankai/Sites/yii/framework/db/CDbCommand.php:357
Stack trace:
#0 /Users/jishankai/Sites/yii/framework/db/ar/CActiveRecord.php(1023): CDbCommand->execute()
#1 /Users/jishankai/Sites/yii/framework/db/ar/CActiveRecord.php(795): CActiveRecord->insert(NULL)
#2 /Users/jishankai/Sites/miwu/protected/controllers/UserController.php(23): CActiveRecord->save()
#3 [internal function]: UserController->actionLoginApi('1', '1.0', NULL)
#4 /Users/jishankai/Sites/yii/framework/web/actions/CAction.php(108): ReflectionMethod->invokeArgs(Object(UserController), Array)
#5 /Users/jishankai/Sites/yii/framework/web/actions/CInlineAction.php(47): CAction->runWithParamsInternal(Object(UserController), Object(ReflectionMethod), Array)
#6 /Users/jishankai/Sites/yii/framework/web/CController.php(308): CInlineAction->runWithParams(Array)
#7 /Users/jishankai/Sites/yii/framework/web/filters/CFilterChain.php(133): CController->runAction(Object(CInlineAction))
#8 /Users/jishankai/Sites/miwu/protected/components/Controller.php(56): CFilterChain->run()
#9 /Users/jishankai/Sites/yii/framework/web/filters/CInlineFilter.php(58): Controller->filterCheckSig(Object(CFilterChain))
#10 /Users/jishankai/Sites/yii/framework/web/filters/CFilterChain.php(130): CInlineFilter->filter(Object(CFilterChain))
#11 /Users/jishankai/Sites/miwu/protected/components/Controller.php(34): CFilterChain->run()
#12 /Users/jishankai/Sites/yii/framework/web/filters/CInlineFilter.php(58): Controller->filterCheckUpdate(Object(CFilterChain))
#13 /Users/jishankai/Sites/yii/framework/web/filters/CFilterChain.php(130): CInlineFilter->filter(Object(CFilterChain))
#14 /Users/jishankai/Sites/yii/framework/web/CController.php(291): CFilterChain->run()
#15 /Users/jishankai/Sites/yii/framework/web/CController.php(265): CController->runActionWithFilters(Object(CInlineAction), Array)
#16 /Users/jishankai/Sites/yii/framework/web/CWebApplication.php(282): CController->run('loginApi')
#17 /Users/jishankai/Sites/yii/framework/web/CWebApplication.php(141): CWebApplication->runController('user/loginApi')
#18 /Users/jishankai/Sites/yii/framework/base/CApplication.php(169): CWebApplication->processRequest()
#19 /Users/jishankai/Sites/miwu/index.php(13): CApplication->run()
#20 {main}
REQUEST_URI=/~jishankai/miwu/index.php?r=user/loginApi&uid=1&ver=1.0
---
2013/10/23 01:33:23 [error] [php] Undefined index: ver (/Users/jishankai/Sites/miwu/protected/components/Controller.php:29)
Stack trace:
#0 /Users/jishankai/Sites/yii/framework/web/CController.php(291): CFilterChain->run()
#1 /Users/jishankai/Sites/yii/framework/web/CController.php(265): UserController->runActionWithFilters()
#2 /Users/jishankai/Sites/yii/framework/web/CWebApplication.php(282): UserController->run()
#3 /Users/jishankai/Sites/yii/framework/web/CWebApplication.php(141): CWebApplication->runController()
#4 /Users/jishankai/Sites/yii/framework/base/CApplication.php(169): CWebApplication->processRequest()
#5 /Users/jishankai/Sites/miwu/index.php(13): CWebApplication->run()
REQUEST_URI=/~jishankai/miwu/index.php?r=user/loginApi
in /Users/jishankai/Sites/miwu/protected/components/Controller.php (29)
in /Users/jishankai/Sites/miwu/index.php (13)
2013/10/23 01:37:34 [error] [php] Undefined index: ver (/Users/jishankai/Sites/miwu/protected/components/Controller.php:29)
Stack trace:
#0 /Users/jishankai/Sites/yii/framework/web/CController.php(291): CFilterChain->run()
#1 /Users/jishankai/Sites/yii/framework/web/CController.php(265): UserController->runActionWithFilters()
#2 /Users/jishankai/Sites/yii/framework/web/CWebApplication.php(282): UserController->run()
#3 /Users/jishankai/Sites/yii/framework/web/CWebApplication.php(141): CWebApplication->runController()
#4 /Users/jishankai/Sites/yii/framework/base/CApplication.php(169): CWebApplication->processRequest()
#5 /Users/jishankai/Sites/miwu/index.php(13): CWebApplication->run()
REQUEST_URI=/~jishankai/miwu/index.php?r=user/loginApi
in /Users/jishankai/Sites/miwu/protected/components/Controller.php (29)
in /Users/jishankai/Sites/miwu/index.php (13)
